<?xml version="1.0" encoding="UTF-8"?>
<!-- Generated by org.testng.reporters.JUnitReportReporter -->
<testsuite hostname="LAPTOP-SK3D42E8" failures="0" tests="3" name="api.ClothingStore.TestCases.UserLoginTestCases" time="7.629" errors="0" timestamp="2025-04-18T08:56:53 SAST" skipped="0">
  <testcase classname="api.ClothingStore.TestCases.UserLoginTestCases" name="deleteLoginDetails" time="4.866"/>
  <testcase classname="api.ClothingStore.TestCases.UserLoginTestCases" name="userLoginValidDetails" time="1.351"/>
  <testcase classname="api.ClothingStore.TestCases.UserLoginTestCases" name="userLoginInvalidDetails" time="1.412"/>
</testsuite> <!-- api.ClothingStore.TestCases.UserLoginTestCases -->
