<?xml version="1.0" encoding="UTF-8"?>
<!-- Generated by org.testng.reporters.JUnitReportReporter -->
<testsuite hostname="LAPTOP-SK3D42E8" failures="0" tests="1" name="api.ClothingStore.TestCases.SearchProductTestCases" time="4.867" errors="0" timestamp="2025-04-18T08:44:43 SAST" skipped="0">
  <testcase classname="api.ClothingStore.TestCases.SearchProductTestCases" name="SearchProduct" time="4.867"/>
</testsuite> <!-- api.ClothingStore.TestCases.SearchProductTestCases -->
